Using pre-set license
Built from '2021.2/staging' branch; Version is '2021.2.3f1 (32358a8527b4) revision 3290506'; Using compiler version '192829333'; Build Type 'Release'
OS: 'Windows 10 Pro; OS build 19041.1415; Version 2004; 64bit' Language: 'en' Physical Memory: 8148 MB
BatchMode: 1, IsHumanControllingUs: 0, StartBugReporterOnCrash: 0, Is64bit: 1, IsPro: 0

COMMAND LINE ARGUMENTS:
C:\Program Files\Unity 2021.2.3f1\Editor\Unity.exe
-adb2
-batchMode
-noUpm
-name
AssetImportWorker8
-projectPath
D:/Unity Projects/_Tutorials/Anime/Unity_VRoid_VFX_Texture_Transition/After Tutorial
-logFile
Logs/AssetImportWorker8.log
-srvPort
53458
Successfully changed project path to: D:/Unity Projects/_Tutorials/Anime/Unity_VRoid_VFX_Texture_Transition/After Tutorial
D:/Unity Projects/_Tutorials/Anime/Unity_VRoid_VFX_Texture_Transition/After Tutorial
[UnityMemory] Configuration Parameters - Can be set up in boot.config
    "memorysetup-bucket-allocator-granularity=16"
    "memorysetup-bucket-allocator-bucket-count=8"
    "memorysetup-bucket-allocator-block-size=33554432"
    "memorysetup-bucket-allocator-block-count=8"
    "memorysetup-main-allocator-block-size=16777216"
    "memorysetup-thread-allocator-block-size=16777216"
    "memorysetup-gfx-main-allocator-block-size=16777216"
    "memorysetup-gfx-thread-allocator-block-size=16777216"
    "memorysetup-cache-allocator-block-size=4194304"
    "memorysetup-typetree-allocator-block-size=2097152"
    "memorysetup-profiler-bucket-allocator-granularity=16"
    "memorysetup-profiler-bucket-allocator-bucket-count=8"
    "memorysetup-profiler-bucket-allocator-block-size=33554432"
    "memorysetup-profiler-bucket-allocator-block-count=8"
    "memorysetup-profiler-allocator-block-size=16777216"
    "memorysetup-profiler-editor-allocator-block-size=1048576"
    "memorysetup-temp-allocator-size-main=16777216"
    "memorysetup-job-temp-allocator-block-size=2097152"
    "memorysetup-job-temp-allocator-block-size-background=1048576"
    "memorysetup-job-temp-allocator-reduction-small-platforms=262144"
    "memorysetup-temp-allocator-size-background-worker=32768"
    "memorysetup-temp-allocator-size-job-worker=262144"
    "memorysetup-temp-allocator-size-preload-manager=33554432"
    "memorysetup-temp-allocator-size-nav-mesh-worker=65536"
    "memorysetup-temp-allocator-size-audio-worker=65536"
    "memorysetup-temp-allocator-size-cloud-worker=32768"
    "memorysetup-temp-allocator-size-gi-baking-worker=262144"
    "memorysetup-temp-allocator-size-gfx=262144"
Refreshing native plugins compatible for Editor in 107.74 ms, found 0 plugins.
Preloading 0 native plugins for Editor in 0.00 ms.
Initialize engine version: 2021.2.3f1 (32358a8527b4)
[Subsystems] Discovering subsystems at path C:/Program Files/Unity 2021.2.3f1/Editor/Data/Resources/UnitySubsystems
[Subsystems] Discovering subsystems at path D:/Unity Projects/_Tutorials/Anime/Unity_VRoid_VFX_Texture_Transition/After Tutorial/Assets
GfxDevice: creating device client; threaded=0; jobified=0
Direct3D:
    Version:  Direct3D 11.0 [level 11.0]
    Renderer: NVIDIA GeForce GTX 660 Ti (ID=0x1183)
    Vendor:   NVIDIA
    VRAM:     1998 MB
    Driver:   30.0.14.7212
Initialize mono
Mono path[0] = 'C:/Program Files/Unity 2021.2.3f1/Editor/Data/Managed'
Mono path[1] = 'C:/Program Files/Unity 2021.2.3f1/Editor/Data/MonoBleedingEdge/lib/mono/unityjit-win32'
Mono config path = 'C:/Program Files/Unity 2021.2.3f1/Editor/Data/MonoBleedingEdge/etc'
Using monoOptions --debugger-agent=transport=dt_socket,embedding=1,server=y,suspend=n,address=127.0.0.1:56036
Begin MonoManager ReloadAssembly
Registering precompiled unity dll's ...
Register platform support module: C:/Program Files/Unity 2021.2.3f1/Editor/Data/PlaybackEngines/WindowsStandaloneSupport/UnityEditor.WindowsStandalone.Extensions.dll
Registered in 0.013633 seconds.
Native extension for WindowsStandalone target not found
Refreshing native plugins compatible for Editor in 103.65 ms, found 0 plugins.
Preloading 0 native plugins for Editor in 0.00 ms.
Mono: successfully reloaded assembly
- Completed reload, in  1.362 seconds
Domain Reload Profiling:
	ReloadAssembly (1363ms)
		BeginReloadAssembly (155ms)
			ExecutionOrderSort (0ms)
			DisableScriptedObjects (0ms)
			BackupInstance (0ms)
			ReleaseScriptingObjects (0ms)
			CreateAndSetChildDomain (2ms)
		EndReloadAssembly (1043ms)
			LoadAssemblies (149ms)
			RebuildTransferFunctionScriptingTraits (0ms)
			SetupTypeCache (312ms)
			ReleaseScriptCaches (0ms)
			RebuildScriptCaches (63ms)
			SetupLoadedEditorAssemblies (544ms)
				LogAssemblyErrors (0ms)
				InitializePlatformSupportModulesInManaged (34ms)
				SetLoadedEditorAssemblies (0ms)
				RefreshPlugins (152ms)
				BeforeProcessingInitializeOnLoad (2ms)
				ProcessInitializeOnLoadAttributes (250ms)
				ProcessInitializeOnLoadMethodAttributes (106ms)
				AfterProcessingInitializeOnLoad (0ms)
				EditorAssembliesLoaded (0ms)
			ExecutionOrderSort2 (0ms)
			AwakeInstancesAfterBackupRestoration (0ms)
Platform modules already initialized, skipping
Registering precompiled user dll's ...
Registered in 0.004984 seconds.
Begin MonoManager ReloadAssembly
Native extension for WindowsStandalone target not found
Refreshing native plugins compatible for Editor in 108.44 ms, found 0 plugins.
Preloading 0 native plugins for Editor in 0.00 ms.
Mono: successfully reloaded assembly
- Completed reload, in  8.483 seconds
Domain Reload Profiling:
	ReloadAssembly (8484ms)
		BeginReloadAssembly (345ms)
			ExecutionOrderSort (0ms)
			DisableScriptedObjects (10ms)
			BackupInstance (0ms)
			ReleaseScriptingObjects (0ms)
			CreateAndSetChildDomain (33ms)
		EndReloadAssembly (7932ms)
			LoadAssemblies (834ms)
			RebuildTransferFunctionScriptingTraits (0ms)
			SetupTypeCache (389ms)
			ReleaseScriptCaches (1ms)
			RebuildScriptCaches (98ms)
			SetupLoadedEditorAssemblies (6386ms)
				LogAssemblyErrors (0ms)
				InitializePlatformSupportModulesInManaged (22ms)
				SetLoadedEditorAssemblies (0ms)
				RefreshPlugins (109ms)
				BeforeProcessingInitializeOnLoad (157ms)
				ProcessInitializeOnLoadAttributes (5927ms)
				ProcessInitializeOnLoadMethodAttributes (154ms)
				AfterProcessingInitializeOnLoad (17ms)
				EditorAssembliesLoaded (0ms)
			ExecutionOrderSort2 (0ms)
			AwakeInstancesAfterBackupRestoration (25ms)
Platform modules already initialized, skipping
========================================================================
Worker process is ready to serve import requests
Launched and connected shader compiler UnityShaderCompiler.exe after 0.81 seconds
Refreshing native plugins compatible for Editor in 0.91 ms, found 0 plugins.
Preloading 0 native plugins for Editor in 0.00 ms.
Unloading 3210 Unused Serialized files (Serialized files now loaded: 0)
Unloading 15 unused Assets / (348.6 KB). Loaded Objects now: 3681.
Memory consumption went from 226.6 MB to 226.3 MB.
Total: 8.343200 ms (FindLiveObjects: 0.398000 ms CreateObjectMapping: 0.317800 ms MarkObjects: 7.380000 ms  DeleteObjects: 0.245400 ms)

AssetImportParameters requested are different than current active one (requested -> active):
  custom:video-decoder-ogg-theora: a1e56fd34408186e4bbccfd4996cb3dc -> 
  custom:container-muxer-webm: aa71ff27fc2769a1b78a27578f13a17b -> 
  custom:container-demuxer-webm: 4f35f7cbe854078d1ac9338744f61a02 -> 
  custom:video-encoder-webm-vp8: eb34c28f22e8b96e1ab97ce403110664 -> 
  custom:video-codec-MediaFoundation-h265: 746d11721c4dcdbdad8f713fa42b33f4 -> 
  custom:audio-encoder-webm-vorbis: bf7c407c2cedff20999df2af8eb42d56 -> 
  custom:framework-win-MediaFoundation: 216162199b28c13a410421893ffa2e32 -> 
  custom:container-demuxer-ogg: 62fdf1f143b41e24485cea50d1cbac27 -> 
  custom:video-decoder-webm-vp8: 9c59270c3fd7afecdb556c50c9e8de78 -> 
  custom:audio-decoder-ogg-vorbis: bf7c407c2cedff20999df2af8eb42d56 -> 
========================================================================
Received Import Request.
  Time since last request: 5297.170873 seconds.
  path: Assets/Plugins/ShaderGraphsMToon/Shaders/MToon.shadergraph
  artifactKey: Guid(5c51691c9b48d03468661dfc5ea2d23e) Importer(815301076,1909f56bfc062723c751e8b465ee728b)
Start importing Assets/Plugins/ShaderGraphsMToon/Shaders/MToon.shadergraph using Guid(5c51691c9b48d03468661dfc5ea2d23e) Importer(815301076,1909f56bfc062723c751e8b465ee728b)  -> (artifact id: 'fe65158a919d62c942aa46e5614c607e') in 0.254925 seconds 
========================================================================
Received Import Request.
  Time since last request: 554.834493 seconds.
  path: Assets/Plugins/ShaderGraphsMToon/README.md
  artifactKey: Guid(ccd489205682f3249945eee5714df305) Importer(815301076,1909f56bfc062723c751e8b465ee728b)
Start importing Assets/Plugins/ShaderGraphsMToon/README.md using Guid(ccd489205682f3249945eee5714df305) Importer(815301076,1909f56bfc062723c751e8b465ee728b)  -> (artifact id: 'd30d2c6e54f3fd64c736407a0a5819d9') in 0.071072 seconds 
========================================================================
Received Import Request.
  Time since last request: 2582.834457 seconds.
  path: Assets/New Shader Graph.shadergraph
  artifactKey: Guid(f2ef24bddf1f5734592000e0f487e2a8) Importer(815301076,1909f56bfc062723c751e8b465ee728b)
Start importing Assets/New Shader Graph.shadergraph using Guid(f2ef24bddf1f5734592000e0f487e2a8) Importer(815301076,1909f56bfc062723c751e8b465ee728b)  -> (artifact id: 'bee415a22c05df81888ef3ae81fc3012') in 0.029186 seconds 
========================================================================
Received Import Request.
  Time since last request: 12.183843 seconds.
  path: Assets/Shader Change Color.shadergraph
  artifactKey: Guid(f2ef24bddf1f5734592000e0f487e2a8) Importer(815301076,1909f56bfc062723c751e8b465ee728b)
Start importing Assets/Shader Change Color.shadergraph using Guid(f2ef24bddf1f5734592000e0f487e2a8) Importer(815301076,1909f56bfc062723c751e8b465ee728b)  -> (artifact id: '377056de5f9d0bd32dd4e3dfaffaf9f6') in 0.064295 seconds 
========================================================================
Received Import Request.
  Time since last request: 279.922013 seconds.
  path: Assets/Shader Change Color.shadergraph
  artifactKey: Guid(f2ef24bddf1f5734592000e0f487e2a8) Importer(815301076,1909f56bfc062723c751e8b465ee728b)
Start importing Assets/Shader Change Color.shadergraph using Guid(f2ef24bddf1f5734592000e0f487e2a8) Importer(815301076,1909f56bfc062723c751e8b465ee728b)  -> (artifact id: '4a9ba5e531c5a933c64837bc5a8277dc') in 0.005744 seconds 
========================================================================
Received Import Request.
  Time since last request: 824.170581 seconds.
  path: Assets/New Shader Graph.shadergraph
  artifactKey: Guid(5b411084a6612a84aac66cd6866977ed) Importer(815301076,1909f56bfc062723c751e8b465ee728b)
Start importing Assets/New Shader Graph.shadergraph using Guid(5b411084a6612a84aac66cd6866977ed) Importer(815301076,1909f56bfc062723c751e8b465ee728b)  -> (artifact id: '1f2de50fb958c3383291a140dbcf738c') in 0.013801 seconds 
========================================================================
Received Import Request.
  Time since last request: 9.588381 seconds.
  path: Assets/Shader Transition Crossfade.shadergraph
  artifactKey: Guid(5b411084a6612a84aac66cd6866977ed) Importer(815301076,1909f56bfc062723c751e8b465ee728b)
Start importing Assets/Shader Transition Crossfade.shadergraph using Guid(5b411084a6612a84aac66cd6866977ed) Importer(815301076,1909f56bfc062723c751e8b465ee728b)  -> (artifact id: '71b4750433d09d9dac65929408435ad2') in 0.012072 seconds 
========================================================================
Received Import Request.
  Time since last request: 193.908588 seconds.
  path: Assets/Plugins/UniGLTF/Tests/UniGLTF/4x4_gray_import_as_linear.png
  artifactKey: Guid(fc1ba24d4a4141d4d9e9ae0a0d3ecd0a) Importer(815301076,1909f56bfc062723c751e8b465ee728b)
Start importing Assets/Plugins/UniGLTF/Tests/UniGLTF/4x4_gray_import_as_linear.png using Guid(fc1ba24d4a4141d4d9e9ae0a0d3ecd0a) Importer(815301076,1909f56bfc062723c751e8b465ee728b)  -> (artifact id: '671e4e4cdb56518a9b427ea3d7bb6723') in 0.245428 seconds 
========================================================================
Received Import Request.
  Time since last request: 0.000034 seconds.
  path: Assets/Plugins/URP/ExampleAssets/Textures/Props/Construction_Light/ConstructionLight_Albedo.tif
  artifactKey: Guid(2ec6e1532acb1254f9f3797b5d82db44) Importer(815301076,1909f56bfc062723c751e8b465ee728b)
Start importing Assets/Plugins/URP/ExampleAssets/Textures/Props/Construction_Light/ConstructionLight_Albedo.tif using Guid(2ec6e1532acb1254f9f3797b5d82db44) Importer(815301076,1909f56bfc062723c751e8b465ee728b)  -> (artifact id: '7dc6c54b0d3c5c4653703d0f9cd4677c') in 0.098324 seconds 
========================================================================
Received Import Request.
  Time since last request: 0.000042 seconds.
  path: Assets/Plugins/URP/ExampleAssets/Textures/Props/Construction_Light/ConstructionLight_MetallicOcculusionSmoothness.tif
  artifactKey: Guid(9a81f1a59f171804e84fce76584bdcb7) Importer(815301076,1909f56bfc062723c751e8b465ee728b)
Start importing Assets/Plugins/URP/ExampleAssets/Textures/Props/Construction_Light/ConstructionLight_MetallicOcculusionSmoothness.tif using Guid(9a81f1a59f171804e84fce76584bdcb7) Importer(815301076,1909f56bfc062723c751e8b465ee728b)  -> (artifact id: '24da2f8f5867a522126ed528af60b669') in 0.077101 seconds 
========================================================================
Received Import Request.
  Time since last request: 0.000029 seconds.
  path: Assets/Plugins/VRMShaders/GLTF/IO/Tests/4x4_non_readable.png
  artifactKey: Guid(82e462ede66d6d0488b5be50747cbad9) Importer(815301076,1909f56bfc062723c751e8b465ee728b)
Start importing Assets/Plugins/VRMShaders/GLTF/IO/Tests/4x4_non_readable.png using Guid(82e462ede66d6d0488b5be50747cbad9) Importer(815301076,1909f56bfc062723c751e8b465ee728b)  -> (artifact id: '77f84b8c28403b08ef3d28a3c8a2e80e') in 0.038490 seconds 
========================================================================
Received Import Request.
  Time since last request: 0.000030 seconds.
  path: Assets/Plugins/URP/ExampleAssets/Textures/Plastic/Elastic_MetallicOcculusionSmoothness.tif
  artifactKey: Guid(f5df2fb0c070b57429f8ca23b216093b) Importer(815301076,1909f56bfc062723c751e8b465ee728b)
Start importing Assets/Plugins/URP/ExampleAssets/Textures/Plastic/Elastic_MetallicOcculusionSmoothness.tif using Guid(f5df2fb0c070b57429f8ca23b216093b) Importer(815301076,1909f56bfc062723c751e8b465ee728b)  -> (artifact id: 'e3a13cb5c637a6afae844fc40a8cb96a') in 0.062872 seconds 
========================================================================
Received Import Request.
  Time since last request: 0.000043 seconds.
  path: Assets/Plugins/URP/ExampleAssets/Textures/Drywall/Drywall_AlbedoSmoothness.tif
  artifactKey: Guid(3e11968c372730442aae3b4f7c909931) Importer(815301076,1909f56bfc062723c751e8b465ee728b)
Start importing Assets/Plugins/URP/ExampleAssets/Textures/Drywall/Drywall_AlbedoSmoothness.tif using Guid(3e11968c372730442aae3b4f7c909931) Importer(815301076,1909f56bfc062723c751e8b465ee728b)  -> (artifact id: '15b9e8134879c509422dce441405732f') in 0.119796 seconds 
========================================================================
Received Import Request.
  Time since last request: 0.000041 seconds.
  path: Assets/Plugins/UniGLTF/Tests/UniGLTF/4x4_gray_import_as_normal_map.png
  artifactKey: Guid(b5d17df8d14f2324692a7c69f24cf658) Importer(815301076,1909f56bfc062723c751e8b465ee728b)
Start importing Assets/Plugins/UniGLTF/Tests/UniGLTF/4x4_gray_import_as_normal_map.png using Guid(b5d17df8d14f2324692a7c69f24cf658) Importer(815301076,1909f56bfc062723c751e8b465ee728b)  -> (artifact id: '14f439acb97e522e594c9bf8725f2499') in 0.198329 seconds 
========================================================================
Received Import Request.
  Time since last request: 0.000033 seconds.
  path: Assets/Plugins/URP/ExampleAssets/Textures/Drywall/Drywall_Normal.tif
  artifactKey: Guid(e231e4c02c48ee14aafa55f7b1a843c1) Importer(815301076,1909f56bfc062723c751e8b465ee728b)
Start importing Assets/Plugins/URP/ExampleAssets/Textures/Drywall/Drywall_Normal.tif using Guid(e231e4c02c48ee14aafa55f7b1a843c1) Importer(815301076,1909f56bfc062723c751e8b465ee728b)  -> (artifact id: '91ff7b15f8fd9235f99867d1179fa783') in 0.136208 seconds 
========================================================================
Received Import Request.
  Time since last request: 0.000039 seconds.
  path: Assets/Plugins/URP/ExampleAssets/Textures/Plastic/Elastic_Normal.tif
  artifactKey: Guid(db17334dfe5991a4bbe241ee9a728c38) Importer(815301076,1909f56bfc062723c751e8b465ee728b)
Start importing Assets/Plugins/URP/ExampleAssets/Textures/Plastic/Elastic_Normal.tif using Guid(db17334dfe5991a4bbe241ee9a728c38) Importer(815301076,1909f56bfc062723c751e8b465ee728b)  -> (artifact id: 'baf432ef2267b842b8c45a2bdd8988a6') in 0.131020 seconds 
========================================================================
Received Import Request.
  Time since last request: 0.000033 seconds.
  path: Assets/Textures/Evil_EyeHighlight_00.png
  artifactKey: Guid(9548d0dcab6120144bd73d72e9865d9e) Importer(815301076,1909f56bfc062723c751e8b465ee728b)
Start importing Assets/Textures/Evil_EyeHighlight_00.png using Guid(9548d0dcab6120144bd73d72e9865d9e) Importer(815301076,1909f56bfc062723c751e8b465ee728b)  -> (artifact id: '590f09fad13bc806516197d14e9debb2') in 0.212657 seconds 
========================================================================
Received Import Request.
  Time since last request: 0.000036 seconds.
  path: Assets/Plugins/URP/ExampleAssets/Textures/Drywall/Drywall_Albedo.tif
  artifactKey: Guid(eae496078d11426448124eaf8b285e6b) Importer(815301076,1909f56bfc062723c751e8b465ee728b)
Start importing Assets/Plugins/URP/ExampleAssets/Textures/Drywall/Drywall_Albedo.tif using Guid(eae496078d11426448124eaf8b285e6b) Importer(815301076,1909f56bfc062723c751e8b465ee728b)  -> (artifact id: '46401850450c00dd94b0dc3880a206b2') in 0.141984 seconds 
========================================================================
Received Import Request.
  Time since last request: 0.000042 seconds.
  path: Assets/Plugins/URP/ExampleAssets/Textures/Drywall/DrywallPainted_Normal.tif
  artifactKey: Guid(2cd242c9999e92b4ca96dab876cfaf13) Importer(815301076,1909f56bfc062723c751e8b465ee728b)
Start importing Assets/Plugins/URP/ExampleAssets/Textures/Drywall/DrywallPainted_Normal.tif using Guid(2cd242c9999e92b4ca96dab876cfaf13) Importer(815301076,1909f56bfc062723c751e8b465ee728b)  -> (artifact id: 'e298e4514c614d185e8a4d35eb439bd0') in 0.163488 seconds 
========================================================================
Received Import Request.
  Time since last request: 0.000033 seconds.
  path: Assets/Plugins/VRMShaders/GLTF/IO/Tests/4x4_non_readable_compressed.DDS
  artifactKey: Guid(e1e26504b87027940bfbd21ea1327ff6) Importer(815301076,1909f56bfc062723c751e8b465ee728b)
Start importing Assets/Plugins/VRMShaders/GLTF/IO/Tests/4x4_non_readable_compressed.DDS using Guid(e1e26504b87027940bfbd21ea1327ff6) Importer(815301076,1909f56bfc062723c751e8b465ee728b)  -> (artifact id: 'e9ce0e35c34824e4b9516f9f9e30dedf') in 0.208868 seconds 
========================================================================
Received Import Request.
  Time since last request: 0.000041 seconds.
  path: Assets/Textures/Evil_Shoes_01.png
  artifactKey: Guid(6a6fc1f1d121f904291ece9a52f7041c) Importer(815301076,1909f56bfc062723c751e8b465ee728b)
Start importing Assets/Textures/Evil_Shoes_01.png using Guid(6a6fc1f1d121f904291ece9a52f7041c) Importer(815301076,1909f56bfc062723c751e8b465ee728b)  -> (artifact id: '511820c8998e3d3663e078f1cace40b6') in 0.065142 seconds 
========================================================================
Received Import Request.
  Time since last request: 0.000031 seconds.
  path: Assets/Plugins/UniGLTF/Tests/UniGLTF/4x4_gray_import_as_srgb.png
  artifactKey: Guid(0f7acf68f1798ae48a5505519abac457) Importer(815301076,1909f56bfc062723c751e8b465ee728b)
Start importing Assets/Plugins/UniGLTF/Tests/UniGLTF/4x4_gray_import_as_srgb.png using Guid(0f7acf68f1798ae48a5505519abac457) Importer(815301076,1909f56bfc062723c751e8b465ee728b)  -> (artifact id: 'b0df3ac8a403a33f26d6a17bb16cecca') in 0.052031 seconds 
========================================================================
Received Import Request.
  Time since last request: 732.106673 seconds.
  path: Assets/Plugins/ShaderGraphsMToon/Shaders/Modified/Transition Radial.shadergraph
  artifactKey: Guid(c96d99e6dc901834c829df76a830f1b3) Importer(815301076,1909f56bfc062723c751e8b465ee728b)
Start importing Assets/Plugins/ShaderGraphsMToon/Shaders/Modified/Transition Radial.shadergraph using Guid(c96d99e6dc901834c829df76a830f1b3) Importer(815301076,1909f56bfc062723c751e8b465ee728b)  -> (artifact id: '0c4e9ac481e625b27b77928bc911b584') in 0.012635 seconds 
========================================================================
Received Import Request.
  Time since last request: 26.902386 seconds.
  path: Assets/Plugins/ShaderGraphsMToon/Shaders/Modified/MToon_Transition.shadergraph
  artifactKey: Guid(bf4b9e4fde8675c4ebb2464ca9dc9e9c) Importer(815301076,1909f56bfc062723c751e8b465ee728b)
Start importing Assets/Plugins/ShaderGraphsMToon/Shaders/Modified/MToon_Transition.shadergraph using Guid(bf4b9e4fde8675c4ebb2464ca9dc9e9c) Importer(815301076,1909f56bfc062723c751e8b465ee728b)  -> (artifact id: 'd6d01d83fcb2e7154ca31a42217532ac') in 0.012044 seconds 
========================================================================
Received Import Request.
  Time since last request: 255.924269 seconds.
  path: Assets/Prefabs/UniVRM Import/Vita to Mixamo.fbx
  artifactKey: Guid(1c11fbc5b16a6da418c2a1edb0af3444) Importer(815301076,1909f56bfc062723c751e8b465ee728b)
Start importing Assets/Prefabs/UniVRM Import/Vita to Mixamo.fbx using Guid(1c11fbc5b16a6da418c2a1edb0af3444) Importer(815301076,1909f56bfc062723c751e8b465ee728b)  -> (artifact id: '98ddd0dab8e5d92ddacd57b6dc864436') in 3.394507 seconds 
========================================================================
Received Import Request.
  Time since last request: 0.000050 seconds.
  path: Assets/Prefabs/UniVRM Import/UniVRM Import/Vita.Materials/F00_002_01_Tops_01_CLOTH.asset
  artifactKey: Guid(89ab4c7594dd1a545b56dbb1e6ec7ea7) Importer(815301076,1909f56bfc062723c751e8b465ee728b)
Start importing Assets/Prefabs/UniVRM Import/UniVRM Import/Vita.Materials/F00_002_01_Tops_01_CLOTH.asset using Guid(89ab4c7594dd1a545b56dbb1e6ec7ea7) Importer(815301076,1909f56bfc062723c751e8b465ee728b)  -> (artifact id: '48b3174424a8d93b9a4eef6d1573a049') in 0.380358 seconds 
========================================================================
Received Import Request.
  Time since last request: 1500.413305 seconds.
  path: Assets/Plugins/ShaderGraphsMToon/Shaders/MToon 1.shadergraph
  artifactKey: Guid(e371feea08a96864cb76ff9b38443fe9) Importer(815301076,1909f56bfc062723c751e8b465ee728b)
Start importing Assets/Plugins/ShaderGraphsMToon/Shaders/MToon 1.shadergraph using Guid(e371feea08a96864cb76ff9b38443fe9) Importer(815301076,1909f56bfc062723c751e8b465ee728b)  -> (artifact id: '97008609e537b8595e0ea492547083ad') in 0.011463 seconds 
========================================================================
Received Import Request.
  Time since last request: 368.550957 seconds.
  path: Assets/Plugins/ShaderGraphsMToon/Shaders/MToon 1.shadergraph
  artifactKey: Guid(e371feea08a96864cb76ff9b38443fe9) Importer(815301076,1909f56bfc062723c751e8b465ee728b)
Start importing Assets/Plugins/ShaderGraphsMToon/Shaders/MToon 1.shadergraph using Guid(e371feea08a96864cb76ff9b38443fe9) Importer(815301076,1909f56bfc062723c751e8b465ee728b)  -> (artifact id: 'd835357057f050a0e8099602a602093f') in 0.019041 seconds 
========================================================================
Received Import Request.
  Time since last request: 322.503687 seconds.
  path: Assets/Plugins/ShaderGraphsMToon/Shaders/Modified/MToon_Transition.shadergraph
  artifactKey: Guid(bf4b9e4fde8675c4ebb2464ca9dc9e9c) Importer(815301076,1909f56bfc062723c751e8b465ee728b)
Start importing Assets/Plugins/ShaderGraphsMToon/Shaders/Modified/MToon_Transition.shadergraph using Guid(bf4b9e4fde8675c4ebb2464ca9dc9e9c) Importer(815301076,1909f56bfc062723c751e8b465ee728b)  -> (artifact id: '328b09f33c1fe19dedd48f4183815c46') in 0.006752 seconds 
========================================================================
Received Import Request.
  Time since last request: 6.581683 seconds.
  path: Assets/Plugins/ShaderGraphsMToon/Shaders/Modified/Transition Slide.shadergraph
  artifactKey: Guid(f871381b15e388d409d42009fae10687) Importer(815301076,1909f56bfc062723c751e8b465ee728b)
Start importing Assets/Plugins/ShaderGraphsMToon/Shaders/Modified/Transition Slide.shadergraph using Guid(f871381b15e388d409d42009fae10687) Importer(815301076,1909f56bfc062723c751e8b465ee728b)  -> (artifact id: '83acf714f25c36ab6298748d07087d37') in 0.021929 seconds 
========================================================================
Received Import Request.
  Time since last request: 137.135034 seconds.
  path: Assets/Prefabs/UniVRM Import/UniVRM Import/Vita.Textures/F00_002_Shoes_01.png
  artifactKey: Guid(2283cf1bc01798a439326f30b659ef60) Importer(815301076,1909f56bfc062723c751e8b465ee728b)
Start importing Assets/Prefabs/UniVRM Import/UniVRM Import/Vita.Textures/F00_002_Shoes_01.png using Guid(2283cf1bc01798a439326f30b659ef60) Importer(815301076,1909f56bfc062723c751e8b465ee728b)  -> (artifact id: '873ff1b28bca586c13977fd24c8c87d2') in 0.076714 seconds 
========================================================================
Received Import Request.
  Time since last request: 316.612126 seconds.
  path: Assets/Prefabs/UniVRM Import/UniVRM Import/Vita.Textures/F00_000_Hair_00_03.png
  artifactKey: Guid(7f60b7d5b751ec74a9fea3c2382f50e1) Importer(815301076,1909f56bfc062723c751e8b465ee728b)
Start importing Assets/Prefabs/UniVRM Import/UniVRM Import/Vita.Textures/F00_000_Hair_00_03.png using Guid(7f60b7d5b751ec74a9fea3c2382f50e1) Importer(815301076,1909f56bfc062723c751e8b465ee728b)  -> (artifact id: 'c802816d1d21773af4a663d03608be29') in 0.322947 seconds 
========================================================================
Received Import Request.
  Time since last request: 53.661609 seconds.
  path: Assets/Prefabs/UniVRM Import/UniVRM Import/Vita.Meshes/Body.baked.asset
  artifactKey: Guid(46147518a427fd14d840378233e6cb38) Importer(815301076,1909f56bfc062723c751e8b465ee728b)
Start importing Assets/Prefabs/UniVRM Import/UniVRM Import/Vita.Meshes/Body.baked.asset using Guid(46147518a427fd14d840378233e6cb38) Importer(815301076,1909f56bfc062723c751e8b465ee728b)  -> (artifact id: 'd514357700a2efbcecf966021883f43c') in 0.164742 seconds 
========================================================================
Received Import Request.
  Time since last request: 6.154519 seconds.
  path: Assets/Prefabs/UniVRM Import/UniVRM Import/Vita.Textures
  artifactKey: Guid(532876079d095ac4eb6a57602a770a82) Importer(815301076,1909f56bfc062723c751e8b465ee728b)
Start importing Assets/Prefabs/UniVRM Import/UniVRM Import/Vita.Textures using Guid(532876079d095ac4eb6a57602a770a82) Importer(815301076,1909f56bfc062723c751e8b465ee728b)  -> (artifact id: '431f7c19114103382841f8616fe0d3e8') in 0.010265 seconds 
========================================================================
Received Prepare
Registering precompiled user dll's ...
Registered in 0.004782 seconds.
Begin MonoManager ReloadAssembly
Native extension for WindowsStandalone target not found
Refreshing native plugins compatible for Editor in 0.78 ms, found 0 plugins.
Preloading 0 native plugins for Editor in 0.00 ms.
Mono: successfully reloaded assembly
- Completed reload, in  2.435 seconds
Domain Reload Profiling:
	ReloadAssembly (2436ms)
		BeginReloadAssembly (491ms)
			ExecutionOrderSort (0ms)
			DisableScriptedObjects (37ms)
			BackupInstance (0ms)
			ReleaseScriptingObjects (0ms)
			CreateAndSetChildDomain (197ms)
		EndReloadAssembly (1762ms)
			LoadAssemblies (184ms)
			RebuildTransferFunctionScriptingTraits (0ms)
			SetupTypeCache (323ms)
			ReleaseScriptCaches (2ms)
			RebuildScriptCaches (68ms)
			SetupLoadedEditorAssemblies (893ms)
				LogAssemblyErrors (0ms)
				InitializePlatformSupportModulesInManaged (22ms)
				SetLoadedEditorAssemblies (1ms)
				RefreshPlugins (1ms)
				BeforeProcessingInitializeOnLoad (120ms)
				ProcessInitializeOnLoadAttributes (603ms)
				ProcessInitializeOnLoadMethodAttributes (130ms)
				AfterProcessingInitializeOnLoad (17ms)
				EditorAssembliesLoaded (0ms)
			ExecutionOrderSort2 (0ms)
			AwakeInstancesAfterBackupRestoration (49ms)
Platform modules already initialized, skipping
Refreshing native plugins compatible for Editor in 0.74 ms, found 0 plugins.
Preloading 0 native plugins for Editor in 0.00 ms.
Unloading 3098 Unused Serialized files (Serialized files now loaded: 0)
Unloading 11 unused Assets / (309.9 KB). Loaded Objects now: 4041.
Memory consumption went from 238.4 MB to 238.1 MB.
Total: 5.555400 ms (FindLiveObjects: 0.372300 ms CreateObjectMapping: 0.181600 ms MarkObjects: 4.915000 ms  DeleteObjects: 0.084100 ms)

AssetImportParameters requested are different than current active one (requested -> active):
  custom:video-decoder-ogg-theora: a1e56fd34408186e4bbccfd4996cb3dc -> 
  custom:container-muxer-webm: aa71ff27fc2769a1b78a27578f13a17b -> 
  custom:container-demuxer-webm: 4f35f7cbe854078d1ac9338744f61a02 -> 
  custom:video-encoder-webm-vp8: eb34c28f22e8b96e1ab97ce403110664 -> 
  custom:video-codec-MediaFoundation-h265: 746d11721c4dcdbdad8f713fa42b33f4 -> 
  custom:audio-encoder-webm-vorbis: bf7c407c2cedff20999df2af8eb42d56 -> 
  custom:framework-win-MediaFoundation: 216162199b28c13a410421893ffa2e32 -> 
  custom:container-demuxer-ogg: 62fdf1f143b41e24485cea50d1cbac27 -> 
  custom:video-decoder-webm-vp8: 9c59270c3fd7afecdb556c50c9e8de78 -> 
  custom:audio-decoder-ogg-vorbis: bf7c407c2cedff20999df2af8eb42d56 -> 
========================================================================
Received Prepare
Registering precompiled user dll's ...
Registered in 0.004402 seconds.
Begin MonoManager ReloadAssembly
Native extension for WindowsStandalone target not found
Refreshing native plugins compatible for Editor in 1.26 ms, found 0 plugins.
Preloading 0 native plugins for Editor in 0.00 ms.
Mono: successfully reloaded assembly
- Completed reload, in  2.357 seconds
Domain Reload Profiling:
	ReloadAssembly (2358ms)
		BeginReloadAssembly (221ms)
			ExecutionOrderSort (0ms)
			DisableScriptedObjects (16ms)
			BackupInstance (0ms)
			ReleaseScriptingObjects (0ms)
			CreateAndSetChildDomain (45ms)
		EndReloadAssembly (1939ms)
			LoadAssemblies (154ms)
			RebuildTransferFunctionScriptingTraits (0ms)
			SetupTypeCache (385ms)
			ReleaseScriptCaches (2ms)
			RebuildScriptCaches (71ms)
			SetupLoadedEditorAssemblies (933ms)
				LogAssemblyErrors (0ms)
				InitializePlatformSupportModulesInManaged (29ms)
				SetLoadedEditorAssemblies (1ms)
				RefreshPlugins (2ms)
				BeforeProcessingInitializeOnLoad (159ms)
				ProcessInitializeOnLoadAttributes (541ms)
				ProcessInitializeOnLoadMethodAttributes (179ms)
				AfterProcessingInitializeOnLoad (21ms)
				EditorAssembliesLoaded (0ms)
			ExecutionOrderSort2 (0ms)
			AwakeInstancesAfterBackupRestoration (60ms)
Platform modules already initialized, skipping
Refreshing native plugins compatible for Editor in 0.91 ms, found 0 plugins.
Preloading 0 native plugins for Editor in 0.00 ms.
Unloading 3073 Unused Serialized files (Serialized files now loaded: 0)
Unloading 11 unused Assets / (309.9 KB). Loaded Objects now: 4043.
Memory consumption went from 237.1 MB to 236.8 MB.
Total: 6.608700 ms (FindLiveObjects: 1.541600 ms CreateObjectMapping: 0.351900 ms MarkObjects: 4.627700 ms  DeleteObjects: 0.085400 ms)

AssetImportParameters requested are different than current active one (requested -> active):
  custom:video-decoder-ogg-theora: a1e56fd34408186e4bbccfd4996cb3dc -> 
  custom:container-muxer-webm: aa71ff27fc2769a1b78a27578f13a17b -> 
  custom:container-demuxer-webm: 4f35f7cbe854078d1ac9338744f61a02 -> 
  custom:video-encoder-webm-vp8: eb34c28f22e8b96e1ab97ce403110664 -> 
  custom:video-codec-MediaFoundation-h265: 746d11721c4dcdbdad8f713fa42b33f4 -> 
  custom:audio-encoder-webm-vorbis: bf7c407c2cedff20999df2af8eb42d56 -> 
  custom:framework-win-MediaFoundation: 216162199b28c13a410421893ffa2e32 -> 
  custom:container-demuxer-ogg: 62fdf1f143b41e24485cea50d1cbac27 -> 
  custom:video-decoder-webm-vp8: 9c59270c3fd7afecdb556c50c9e8de78 -> 
  custom:audio-decoder-ogg-vorbis: bf7c407c2cedff20999df2af8eb42d56 -> 
========================================================================
Received Prepare
Registering precompiled user dll's ...
Registered in 0.004290 seconds.
Begin MonoManager ReloadAssembly
Native extension for WindowsStandalone target not found
Refreshing native plugins compatible for Editor in 1.17 ms, found 0 plugins.
Preloading 0 native plugins for Editor in 0.00 ms.
Mono: successfully reloaded assembly
- Completed reload, in  2.628 seconds
Domain Reload Profiling:
	ReloadAssembly (2629ms)
		BeginReloadAssembly (217ms)
			ExecutionOrderSort (0ms)
			DisableScriptedObjects (16ms)
			BackupInstance (0ms)
			ReleaseScriptingObjects (0ms)
			CreateAndSetChildDomain (48ms)
		EndReloadAssembly (2208ms)
			LoadAssemblies (154ms)
			RebuildTransferFunctionScriptingTraits (0ms)
			SetupTypeCache (472ms)
			ReleaseScriptCaches (2ms)
			RebuildScriptCaches (104ms)
			SetupLoadedEditorAssemblies (1085ms)
				LogAssemblyErrors (0ms)
				InitializePlatformSupportModulesInManaged (27ms)
				SetLoadedEditorAssemblies (1ms)
				RefreshPlugins (1ms)
				BeforeProcessingInitializeOnLoad (161ms)
				ProcessInitializeOnLoadAttributes (709ms)
				ProcessInitializeOnLoadMethodAttributes (165ms)
				AfterProcessingInitializeOnLoad (20ms)
				EditorAssembliesLoaded (0ms)
			ExecutionOrderSort2 (0ms)
			AwakeInstancesAfterBackupRestoration (61ms)
Platform modules already initialized, skipping
Refreshing native plugins compatible for Editor in 2.35 ms, found 0 plugins.
Preloading 0 native plugins for Editor in 0.00 ms.
Unloading 3073 Unused Serialized files (Serialized files now loaded: 0)
Unloading 11 unused Assets / (309.8 KB). Loaded Objects now: 4045.
Memory consumption went from 237.1 MB to 236.8 MB.
Total: 6.064200 ms (FindLiveObjects: 0.491800 ms CreateObjectMapping: 0.183200 ms MarkObjects: 5.300100 ms  DeleteObjects: 0.086700 ms)

AssetImportParameters requested are different than current active one (requested -> active):
  custom:video-decoder-ogg-theora: a1e56fd34408186e4bbccfd4996cb3dc -> 
  custom:container-muxer-webm: aa71ff27fc2769a1b78a27578f13a17b -> 
  custom:container-demuxer-webm: 4f35f7cbe854078d1ac9338744f61a02 -> 
  custom:video-encoder-webm-vp8: eb34c28f22e8b96e1ab97ce403110664 -> 
  custom:video-codec-MediaFoundation-h265: 746d11721c4dcdbdad8f713fa42b33f4 -> 
  custom:audio-encoder-webm-vorbis: bf7c407c2cedff20999df2af8eb42d56 -> 
  custom:framework-win-MediaFoundation: 216162199b28c13a410421893ffa2e32 -> 
  custom:container-demuxer-ogg: 62fdf1f143b41e24485cea50d1cbac27 -> 
  custom:video-decoder-webm-vp8: 9c59270c3fd7afecdb556c50c9e8de78 -> 
  custom:audio-decoder-ogg-vorbis: bf7c407c2cedff20999df2af8eb42d56 -> 
========================================================================
Received Prepare
Registering precompiled user dll's ...
Registered in 0.004287 seconds.
Begin MonoManager ReloadAssembly
Native extension for WindowsStandalone target not found
Refreshing native plugins compatible for Editor in 0.75 ms, found 0 plugins.
Preloading 0 native plugins for Editor in 0.00 ms.
Mono: successfully reloaded assembly
- Completed reload, in  2.277 seconds
Domain Reload Profiling:
	ReloadAssembly (2279ms)
		BeginReloadAssembly (220ms)
			ExecutionOrderSort (0ms)
			DisableScriptedObjects (15ms)
			BackupInstance (0ms)
			ReleaseScriptingObjects (0ms)
			CreateAndSetChildDomain (43ms)
		EndReloadAssembly (1862ms)
			LoadAssemblies (149ms)
			RebuildTransferFunctionScriptingTraits (0ms)
			SetupTypeCache (416ms)
			ReleaseScriptCaches (2ms)
			RebuildScriptCaches (91ms)
			SetupLoadedEditorAssemblies (845ms)
				LogAssemblyErrors (0ms)
				InitializePlatformSupportModulesInManaged (25ms)
				SetLoadedEditorAssemblies (1ms)
				RefreshPlugins (1ms)
				BeforeProcessingInitializeOnLoad (165ms)
				ProcessInitializeOnLoadAttributes (467ms)
				ProcessInitializeOnLoadMethodAttributes (166ms)
				AfterProcessingInitializeOnLoad (19ms)
				EditorAssembliesLoaded (0ms)
			ExecutionOrderSort2 (0ms)
			AwakeInstancesAfterBackupRestoration (56ms)
Platform modules already initialized, skipping
Refreshing native plugins compatible for Editor in 1.18 ms, found 0 plugins.
Preloading 0 native plugins for Editor in 0.00 ms.
Unloading 3073 Unused Serialized files (Serialized files now loaded: 0)
Unloading 11 unused Assets / (309.8 KB). Loaded Objects now: 4047.
Memory consumption went from 237.1 MB to 236.8 MB.
Total: 5.719100 ms (FindLiveObjects: 0.597100 ms CreateObjectMapping: 0.324600 ms MarkObjects: 4.605700 ms  DeleteObjects: 0.189800 ms)

AssetImportParameters requested are different than current active one (requested -> active):
  custom:video-decoder-ogg-theora: a1e56fd34408186e4bbccfd4996cb3dc -> 
  custom:container-muxer-webm: aa71ff27fc2769a1b78a27578f13a17b -> 
  custom:container-demuxer-webm: 4f35f7cbe854078d1ac9338744f61a02 -> 
  custom:video-encoder-webm-vp8: eb34c28f22e8b96e1ab97ce403110664 -> 
  custom:video-codec-MediaFoundation-h265: 746d11721c4dcdbdad8f713fa42b33f4 -> 
  custom:audio-encoder-webm-vorbis: bf7c407c2cedff20999df2af8eb42d56 -> 
  custom:framework-win-MediaFoundation: 216162199b28c13a410421893ffa2e32 -> 
  custom:container-demuxer-ogg: 62fdf1f143b41e24485cea50d1cbac27 -> 
  custom:video-decoder-webm-vp8: 9c59270c3fd7afecdb556c50c9e8de78 -> 
  custom:audio-decoder-ogg-vorbis: bf7c407c2cedff20999df2af8eb42d56 -> 
